{"level":"info","message":"---------------------------------------------------------------------------------------------------"}
{"level":"info","message":"Wed Aug 23 2023 17:32:25 GMT+0400 (Azərbaycan Standart Vaxtı)Server is running at 3000:th port 🚀🚀🚀."}
{"level":"info","message":"---------------------------------------------------------------------------------------------------"}
{"level":"info","message":""}
{"level":"info","message":""}
{"level":"info","message":""}
{"level":"info","message":"---------------------------------------------------------------------------------------------------"}
{"level":"info","message":"Wed Aug 23 2023 17:32:30 GMT+0400 (Azərbaycan Standart Vaxtı)------Recieved a POST '/' request"}
{"level":"info","message":"Wed Aug 23 2023 17:32:30 GMT+0400 (Azərbaycan Standart Vaxtı)------Full Request body : {\"creq\":\"eyJ0aHJlZURTU2VydmVyVHJhbnNJRCI6Ijk5YTEyNjg1LThiNjgtNDY4MC04YmI4LTI5MDJmODYyOTkxYSIsIm1lc3NhZ2VUeXBlIjoiQ1JlcSIsIm1lc3NhZ2VWZXJzaW9uIjoiMi4xLjAiLCJhY3NUcmFuc0lEIjoiODkyNDRmODctMWFhMy00MDk4LTg0NzgtNzU2Yzc1MWQyMjdjIiwiY2hhbGxlbmdlV2luZG93U2l6ZSI6IjA1In0\"}"}
{"level":"info","message":"Wed Aug 23 2023 17:32:30 GMT+0400 (Azərbaycan Standart Vaxtı)------Recieved Encoded CReq : \"eyJ0aHJlZURTU2VydmVyVHJhbnNJRCI6Ijk5YTEyNjg1LThiNjgtNDY4MC04YmI4LTI5MDJmODYyOTkxYSIsIm1lc3NhZ2VUeXBlIjoiQ1JlcSIsIm1lc3NhZ2VWZXJzaW9uIjoiMi4xLjAiLCJhY3NUcmFuc0lEIjoiODkyNDRmODctMWFhMy00MDk4LTg0NzgtNzU2Yzc1MWQyMjdjIiwiY2hhbGxlbmdlV2luZG93U2l6ZSI6IjA1In0\""}
{"level":"info","message":"Wed Aug 23 2023 17:32:30 GMT+0400 (Azərbaycan Standart Vaxtı)------Recieved Encoded CReq decoded to String : \"{\\\"threeDSServerTransID\\\":\\\"99a12685-8b68-4680-8bb8-2902f862991a\\\",\\\"messageType\\\":\\\"CReq\\\",\\\"messageVersion\\\":\\\"2.1.0\\\",\\\"acsTransID\\\":\\\"89244f87-1aa3-4098-8478-756c751d227c\\\",\\\"challengeWindowSize\\\":\\\"05\\\"}\""}
{"level":"info","message":"Wed Aug 23 2023 17:32:30 GMT+0400 (Azərbaycan Standart Vaxtı)------Recieved Encoded CReq String Parsed and converted to JSON : {\"threeDSServerTransID\":\"99a12685-8b68-4680-8bb8-2902f862991a\",\"messageType\":\"CReq\",\"messageVersion\":\"2.1.0\",\"acsTransID\":\"89244f87-1aa3-4098-8478-756c751d227c\",\"challengeWindowSize\":\"05\"}"}
{"level":"info","message":"Wed Aug 23 2023 17:32:30 GMT+0400 (Azərbaycan Standart Vaxtı)------New item added to DB : {\"id\":0,\"creq\":\"eyJ0aHJlZURTU2VydmVyVHJhbnNJRCI6Ijk5YTEyNjg1LThiNjgtNDY4MC04YmI4LTI5MDJmODYyOTkxYSIsIm1lc3NhZ2VUeXBlIjoiQ1JlcSIsIm1lc3NhZ2VWZXJzaW9uIjoiMi4xLjAiLCJhY3NUcmFuc0lEIjoiODkyNDRmODctMWFhMy00MDk4LTg0NzgtNzU2Yzc1MWQyMjdjIiwiY2hhbGxlbmdlV2luZG93U2l6ZSI6IjA1In0\",\"decodedCreq\":{\"threeDSServerTransID\":\"99a12685-8b68-4680-8bb8-2902f862991a\",\"messageType\":\"CReq\",\"messageVersion\":\"2.1.0\",\"acsTransID\":\"89244f87-1aa3-4098-8478-756c751d227c\",\"challengeWindowSize\":\"05\"}}"}
{"level":"info","message":"Wed Aug 23 2023 17:32:30 GMT+0400 (Azərbaycan Standart Vaxtı)------Entered CReq is valid, Costumer Redirected to ACS Page"}
{"level":"info","message":"---------------------------------------------------------------------------------------------------"}
{"level":"info","message":""}
{"level":"info","message":""}
{"level":"info","message":""}
{"level":"info","message":"---------------------------------------------------------------------------------------------------"}
{"level":"info","message":"Wed Aug 23 2023 17:32:30 GMT+0400 (Azərbaycan Standart Vaxtı)------Recieved a GET request"}
{"level":"info","message":"Wed Aug 23 2023 17:32:30 GMT+0400 (Azərbaycan Standart Vaxtı)------Response to GET request : {\"id\":0,\"creq\":\"eyJ0aHJlZURTU2VydmVyVHJhbnNJRCI6Ijk5YTEyNjg1LThiNjgtNDY4MC04YmI4LTI5MDJmODYyOTkxYSIsIm1lc3NhZ2VUeXBlIjoiQ1JlcSIsIm1lc3NhZ2VWZXJzaW9uIjoiMi4xLjAiLCJhY3NUcmFuc0lEIjoiODkyNDRmODctMWFhMy00MDk4LTg0NzgtNzU2Yzc1MWQyMjdjIiwiY2hhbGxlbmdlV2luZG93U2l6ZSI6IjA1In0\",\"decodedCreq\":{\"threeDSServerTransID\":\"99a12685-8b68-4680-8bb8-2902f862991a\",\"messageType\":\"CReq\",\"messageVersion\":\"2.1.0\",\"acsTransID\":\"89244f87-1aa3-4098-8478-756c751d227c\",\"challengeWindowSize\":\"05\"}}"}
{"level":"info","message":"---------------------------------------------------------------------------------------------------"}
{"level":"info","message":""}
{"level":"info","message":""}
{"level":"info","message":""}
{"level":"info","message":"---------------------------------------------------------------------------------------------------"}
{"level":"info","message":"Wed Aug 23 2023 17:32:38 GMT+0400 (Azərbaycan Standart Vaxtı)------Recieved a POST '/final' request"}
{"level":"info","message":"Wed Aug 23 2023 17:32:38 GMT+0400 (Azərbaycan Standart Vaxtı)------Defining this ID's CReq to a variable for Generating CRes"}
{"level":"info","message":"Wed Aug 23 2023 17:32:38 GMT+0400 (Azərbaycan Standart Vaxtı)------New CRes generated : {\"threeDSServerTransID\":\"99a12685-8b68-4680-8bb8-2902f862991a\",\"messageType\":\"CRes\",\"messageVersion\":\"2.1.0\",\"acsTransID\":\"89244f87-1aa3-4098-8478-756c751d227c\",\"transStatus\":\"Y\"}"}
{"level":"info","message":"Wed Aug 23 2023 17:32:38 GMT+0400 (Azərbaycan Standart Vaxtı)------Request has been sent to Backend, Result : Successful"}
{"level":"info","message":"Wed Aug 23 2023 17:32:38 GMT+0400 (Azərbaycan Standart Vaxtı)------Successful Response converted to text : {\"notificationUrl\":\"https://test3ds.guavapay.com/api/v1/challenge\",\"result\":true}"}
{"level":"info","message":"Wed Aug 23 2023 17:32:38 GMT+0400 (Azərbaycan Standart Vaxtı)------Response has been sent to Frontend : {\"notificationUrl\":https://test3ds.guavapay.com/api/v1/challenge,\"cres\":eyJ0aHJlZURTU2VydmVyVHJhbnNJRCI6Ijk5YTEyNjg1LThiNjgtNDY4MC04YmI4LTI5MDJmODYyOTkxYSIsIm1lc3NhZ2VUeXBlIjoiQ1JlcyIsIm1lc3NhZ2VWZXJzaW9uIjoiMi4xLjAiLCJhY3NUcmFuc0lEIjoiODkyNDRmODctMWFhMy00MDk4LTg0NzgtNzU2Yzc1MWQyMjdjIiwidHJhbnNTdGF0dXMiOiJZIn0=}"}
{"level":"info","message":"---------------------------------------------------------------------------------------------------"}
{"level":"info","message":""}
{"level":"info","message":""}
{"level":"info","message":""}
{"level":"info","message":"---------------------------------------------------------------------------------------------------"}
{"level":"info","message":"Wed Aug 23 2023 17:32:43 GMT+0400 (Azərbaycan Standart Vaxtı)------Recieved a POST '/' request"}
{"level":"info","message":"Wed Aug 23 2023 17:32:43 GMT+0400 (Azərbaycan Standart Vaxtı)------Full Request body : {\"creq\":\"eyJ0aHJlZURTU2VydmVyVHJhbnNJRCI6Ijk5YTEyNjg1LThiNjgtNDY4MC04YmI4LTI5MDJmODYyOTkxYSIsIm1lc3NhZ2VUeXBlIjoiQ1JlcSIsIm1lc3NhZ2VWZXJzaW9uIjoiMi4xLjAiLCJhY3NUcmFuc0lEIjoiODkyNDRmODctMWFhMy00MDk4LTg0NzgtNzU2Yzc1MWQyMjdjIiwiY2hhbGxlbmdlV2luZG93U2l6ZSI6IjA1In0\"}"}
{"level":"info","message":"Wed Aug 23 2023 17:32:43 GMT+0400 (Azərbaycan Standart Vaxtı)------Recieved Encoded CReq : \"eyJ0aHJlZURTU2VydmVyVHJhbnNJRCI6Ijk5YTEyNjg1LThiNjgtNDY4MC04YmI4LTI5MDJmODYyOTkxYSIsIm1lc3NhZ2VUeXBlIjoiQ1JlcSIsIm1lc3NhZ2VWZXJzaW9uIjoiMi4xLjAiLCJhY3NUcmFuc0lEIjoiODkyNDRmODctMWFhMy00MDk4LTg0NzgtNzU2Yzc1MWQyMjdjIiwiY2hhbGxlbmdlV2luZG93U2l6ZSI6IjA1In0\""}
{"level":"info","message":"Wed Aug 23 2023 17:32:43 GMT+0400 (Azərbaycan Standart Vaxtı)------Recieved Encoded CReq decoded to String : \"{\\\"threeDSServerTransID\\\":\\\"99a12685-8b68-4680-8bb8-2902f862991a\\\",\\\"messageType\\\":\\\"CReq\\\",\\\"messageVersion\\\":\\\"2.1.0\\\",\\\"acsTransID\\\":\\\"89244f87-1aa3-4098-8478-756c751d227c\\\",\\\"challengeWindowSize\\\":\\\"05\\\"}\""}
{"level":"info","message":"Wed Aug 23 2023 17:32:43 GMT+0400 (Azərbaycan Standart Vaxtı)------Recieved Encoded CReq String Parsed and converted to JSON : {\"threeDSServerTransID\":\"99a12685-8b68-4680-8bb8-2902f862991a\",\"messageType\":\"CReq\",\"messageVersion\":\"2.1.0\",\"acsTransID\":\"89244f87-1aa3-4098-8478-756c751d227c\",\"challengeWindowSize\":\"05\"}"}
{"level":"info","message":"Wed Aug 23 2023 17:32:43 GMT+0400 (Azərbaycan Standart Vaxtı)------New item added to DB : {\"id\":1,\"creq\":\"eyJ0aHJlZURTU2VydmVyVHJhbnNJRCI6Ijk5YTEyNjg1LThiNjgtNDY4MC04YmI4LTI5MDJmODYyOTkxYSIsIm1lc3NhZ2VUeXBlIjoiQ1JlcSIsIm1lc3NhZ2VWZXJzaW9uIjoiMi4xLjAiLCJhY3NUcmFuc0lEIjoiODkyNDRmODctMWFhMy00MDk4LTg0NzgtNzU2Yzc1MWQyMjdjIiwiY2hhbGxlbmdlV2luZG93U2l6ZSI6IjA1In0\",\"decodedCreq\":{\"threeDSServerTransID\":\"99a12685-8b68-4680-8bb8-2902f862991a\",\"messageType\":\"CReq\",\"messageVersion\":\"2.1.0\",\"acsTransID\":\"89244f87-1aa3-4098-8478-756c751d227c\",\"challengeWindowSize\":\"05\"}}"}
{"level":"info","message":"Wed Aug 23 2023 17:32:43 GMT+0400 (Azərbaycan Standart Vaxtı)------Entered CReq is valid, Costumer Redirected to ACS Page"}
{"level":"info","message":"---------------------------------------------------------------------------------------------------"}
{"level":"info","message":""}
{"level":"info","message":""}
{"level":"info","message":""}
{"level":"info","message":"---------------------------------------------------------------------------------------------------"}
{"level":"info","message":"Wed Aug 23 2023 17:32:43 GMT+0400 (Azərbaycan Standart Vaxtı)------Recieved a GET request"}
{"level":"info","message":"Wed Aug 23 2023 17:32:43 GMT+0400 (Azərbaycan Standart Vaxtı)------Response to GET request : {\"id\":1,\"creq\":\"eyJ0aHJlZURTU2VydmVyVHJhbnNJRCI6Ijk5YTEyNjg1LThiNjgtNDY4MC04YmI4LTI5MDJmODYyOTkxYSIsIm1lc3NhZ2VUeXBlIjoiQ1JlcSIsIm1lc3NhZ2VWZXJzaW9uIjoiMi4xLjAiLCJhY3NUcmFuc0lEIjoiODkyNDRmODctMWFhMy00MDk4LTg0NzgtNzU2Yzc1MWQyMjdjIiwiY2hhbGxlbmdlV2luZG93U2l6ZSI6IjA1In0\",\"decodedCreq\":{\"threeDSServerTransID\":\"99a12685-8b68-4680-8bb8-2902f862991a\",\"messageType\":\"CReq\",\"messageVersion\":\"2.1.0\",\"acsTransID\":\"89244f87-1aa3-4098-8478-756c751d227c\",\"challengeWindowSize\":\"05\"}}"}
{"level":"info","message":"---------------------------------------------------------------------------------------------------"}
{"level":"info","message":""}
{"level":"info","message":""}
{"level":"info","message":""}
{"level":"info","message":"---------------------------------------------------------------------------------------------------"}
{"level":"info","message":"Wed Aug 23 2023 17:32:50 GMT+0400 (Azərbaycan Standart Vaxtı)------Recieved a POST '/unsuccess' request"}
{"level":"info","message":"Wed Aug 23 2023 17:32:50 GMT+0400 (Azərbaycan Standart Vaxtı)------Defining this ID's CReq to a variable for Generating CRes"}
{"level":"info","message":"Wed Aug 23 2023 17:32:50 GMT+0400 (Azərbaycan Standart Vaxtı)------New CRes generated : {\"threeDSServerTransID\":\"99a12685-8b68-4680-8bb8-2902f862991a\",\"messageType\":\"CRes\",\"messageVersion\":\"2.1.0\",\"acsTransID\":\"89244f87-1aa3-4098-8478-756c751d227c\",\"transStatus\":\"N\",\"challengeCompletionInd\":\"Y\"}"}
{"level":"info","message":"Wed Aug 23 2023 17:32:51 GMT+0400 (Azərbaycan Standart Vaxtı)------Request has been sent to Backend, Result : Successful"}
{"level":"info","message":"Wed Aug 23 2023 17:32:51 GMT+0400 (Azərbaycan Standart Vaxtı)------Successful Response converted to text : {\"notificationUrl\":\"https://test3ds.guavapay.com/api/v1/challenge\",\"result\":false}"}
{"level":"info","message":"Wed Aug 23 2023 17:32:51 GMT+0400 (Azərbaycan Standart Vaxtı)------Response has been sent to Frontend : {\"notificationUrl\":https://test3ds.guavapay.com/api/v1/challenge,\"cres\":eyJ0aHJlZURTU2VydmVyVHJhbnNJRCI6Ijk5YTEyNjg1LThiNjgtNDY4MC04YmI4LTI5MDJmODYyOTkxYSIsIm1lc3NhZ2VUeXBlIjoiQ1JlcyIsIm1lc3NhZ2VWZXJzaW9uIjoiMi4xLjAiLCJhY3NUcmFuc0lEIjoiODkyNDRmODctMWFhMy00MDk4LTg0NzgtNzU2Yzc1MWQyMjdjIiwidHJhbnNTdGF0dXMiOiJOIiwiY2hhbGxlbmdlQ29tcGxldGlvbkluZCI6IlkifQ==}"}
{"level":"info","message":"---------------------------------------------------------------------------------------------------"}
{"level":"info","message":""}
{"level":"info","message":""}
{"level":"info","message":""}
